Build started 2014-09-12 오후 1:22:56.
     1>Project "C:\Users\SENS\Documents\GitHub\comp-projects\Project2\Project2\Project2.vcxproj" on node 2 (Build target(s)).
     1>ClCompile:
         C:\Program Files (x86)\Microsoft Visual Studio 11.0\VC\bin\CL.exe /c /ZI /nologo /W3 /WX- /Od /Oy- /D _MBCS /Gm /EHsc /RTC1 /MDd /GS /fp:precise /Zc:wchar_t /Zc:forScope /Fo"Debug\\" /Fd"Debug\vc110.pdb" /Gd /TP /analyze- /errorReport:prompt main.cpp playerlist.cpp
         playerlist.cpp
     1>c:\users\sens\documents\github\comp-projects\project2\project2\playerlist.cpp(75): error C2511: 'void PlayerList::modifyPlayer(std::string)' : overloaded member function not found in 'PlayerList'
                 c:\users\sens\documents\github\comp-projects\project2\project2\playerlist.h(12) : see declaration of 'PlayerList'
         main.cpp
     1>c:\users\sens\documents\github\comp-projects\project2\project2\main.cpp(58): error C2664: 'promptAge' : cannot convert parameter 1 from 'const char [6]' to 'int'
                 There is no context in which this conversion is possible
     1>c:\users\sens\documents\github\comp-projects\project2\project2\main.cpp(159): error C2664: 'PlayerList::addPlayer' : cannot convert parameter 1 from 'Player' to 'Player *'
                 No user-defined-conversion operator available that can perform this conversion, or the operator cannot be called
     1>c:\users\sens\documents\github\comp-projects\project2\project2\main.cpp(163): error C2664: 'PlayerList::addPlayer' : cannot convert parameter 1 from 'Player' to 'Player *'
                 No user-defined-conversion operator available that can perform this conversion, or the operator cannot be called
     1>c:\users\sens\documents\github\comp-projects\project2\project2\main.cpp(167): error C2661: 'PlayerList::modifyPlayer' : no overloaded function takes 1 arguments
         Generating Code...
     1>Done Building Project "C:\Users\SENS\Documents\GitHub\comp-projects\Project2\Project2\Project2.vcxproj" (Build target(s)) -- FAILED.

Build FAILED.

Time Elapsed 00:00:01.62
